<?xml version="1.0" encoding="UTF-8"?>
<!-- Generated by org.testng.reporters.JUnitReportReporter -->
<testsuite skipped="0" hostname="DESKTOP-S3RV3MH" name="cicd.base.BrowserBase" tests="1" failures="0" timestamp="25 Nov 2021 15:01:41 GMT" time="16.950" errors="0">
  <testcase name="TestCaseExecutor" time="16.950" classname="cicd.base.BrowserBase"/>
</testsuite> <!-- cicd.base.BrowserBase -->
